TN:
SF:/Users/chao.xu/Desktop/transfer/Backbase/src/polyfills.ts
FNF:0
FNH:0
LF:0
LH:0
BRF:0
BRH:0
end_of_record
TN:
SF:/Users/chao.xu/Desktop/transfer/Backbase/src/test.ts
FNF:0
FNH:0
DA:18,1
DA:23,1
DA:25,1
LF:3
LH:3
BRF:0
BRH:0
end_of_record
TN:
SF:/Users/chao.xu/Desktop/transfer/Backbase/src/app/app.component.ts
FN:8,(anonymous_0)
FNF:1
FNH:1
FNDA:2,(anonymous_0)
DA:8,1
DA:9,2
LF:2
LH:2
BRF:0
BRH:0
end_of_record
TN:
SF:/Users/chao.xu/Desktop/transfer/Backbase/src/app/containers/backbase/components/main/main.component.ts
FN:27,(anonymous_0)
FN:28,(anonymous_1)
FN:32,(anonymous_2)
FN:36,(anonymous_3)
FN:45,(anonymous_4)
FN:47,(anonymous_5)
FN:52,(anonymous_6)
FN:61,(anonymous_7)
FNF:8
FNH:8
FNDA:3,(anonymous_0)
FNDA:4,(anonymous_1)
FNDA:3,(anonymous_2)
FNDA:3,(anonymous_3)
FNDA:4,(anonymous_4)
FNDA:4,(anonymous_5)
FNDA:1,(anonymous_6)
FNDA:1,(anonymous_7)
DA:19,1
DA:27,3
DA:29,4
DA:33,3
DA:35,3
DA:37,3
DA:38,3
DA:46,4
DA:47,4
DA:48,4
DA:53,1
DA:61,1
DA:63,1
DA:65,1
DA:67,1
DA:73,1
LF:16
LH:16
BRF:0
BRH:0
end_of_record
TN:
SF:/Users/chao.xu/Desktop/transfer/Backbase/src/app/containers/backbase/components/transactions/transactions.component.ts
FN:25,(anonymous_0)
FN:16,(anonymous_1)
FN:27,(anonymous_2)
FN:30,(anonymous_3)
FN:40,(anonymous_4)
FN:44,(anonymous_5)
FNF:6
FNH:6
FNDA:9,(anonymous_0)
FNDA:5,(anonymous_1)
FNDA:9,(anonymous_2)
FNDA:11,(anonymous_3)
FNDA:1,(anonymous_4)
FNDA:1,(anonymous_5)
DA:13,1
DA:14,9
DA:16,1
DA:17,5
DA:18,4
DA:19,4
DA:20,4
DA:31,11
DA:32,4
DA:36,1
DA:38,1
DA:41,1
DA:45,1
LF:13
LH:13
BRDA:17,0,0,4
BRDA:17,0,1,1
BRDA:19,1,0,4
BRDA:19,1,1,0
BRDA:31,2,0,4
BRDA:31,2,1,7
BRF:6
BRH:5
end_of_record
TN:
SF:/Users/chao.xu/Desktop/transfer/Backbase/src/app/containers/backbase/components/transfer/transfer.component.ts
FN:32,(anonymous_0)
FN:20,(anonymous_1)
FN:41,(anonymous_2)
FN:49,(anonymous_3)
FN:52,(anonymous_4)
FN:59,(anonymous_5)
FN:62,(anonymous_6)
FNF:7
FNH:7
FNDA:9,(anonymous_0)
FNDA:8,(anonymous_1)
FNDA:7,(anonymous_2)
FNDA:9,(anonymous_3)
FNDA:30,(anonymous_4)
FNDA:37,(anonymous_5)
FNDA:1,(anonymous_6)
DA:10,1
DA:11,9
DA:13,9
DA:20,1
DA:21,8
DA:22,7
DA:23,7
DA:31,9
DA:34,9
DA:42,7
DA:43,4
DA:45,3
DA:53,30
DA:54,1
DA:56,29
DA:60,37
DA:63,1
DA:64,1
DA:65,1
DA:66,1
DA:68,1
DA:76,1
LF:22
LH:22
BRDA:21,0,0,7
BRDA:21,0,1,1
BRDA:42,1,0,4
BRDA:42,1,1,3
BRDA:42,2,0,7
BRDA:42,2,1,7
BRDA:53,3,0,1
BRDA:53,3,1,29
BRDA:53,4,0,30
BRDA:53,4,1,3
BRDA:53,4,2,3
BRDA:63,5,0,0
BRDA:63,5,1,1
BRDA:63,6,0,1
BRDA:63,6,1,1
BRF:15
BRH:14
end_of_record
TN:
SF:/Users/chao.xu/Desktop/transfer/Backbase/src/app/containers/backbase/store/index.ts
FNF:0
FNH:0
DA:5,1
DA:11,1
DA:15,1
LF:3
LH:3
BRF:0
BRH:0
end_of_record
TN:
SF:/Users/chao.xu/Desktop/transfer/Backbase/src/app/containers/backbase/store/actions/balance.actions.ts
FNF:0
FNH:0
DA:4,1
LF:1
LH:1
BRF:0
BRH:0
end_of_record
TN:
SF:/Users/chao.xu/Desktop/transfer/Backbase/src/app/containers/backbase/store/reducers/balance.reducer.ts
FN:20,(anonymous_0)
FN:26,reducer
FNF:2
FNH:2
FNDA:1,(anonymous_0)
FNDA:1,reducer
DA:9,1
DA:18,1
DA:20,1
DA:27,1
LF:4
LH:4
BRF:0
BRH:0
end_of_record
TN:
SF:/Users/chao.xu/Desktop/transfer/Backbase/src/app/containers/backbase/store/selectors/selectors.ts
FN:6,(anonymous_0)
FNF:1
FNH:0
FNDA:0,(anonymous_0)
DA:4,1
DA:6,1
LF:2
LH:2
BRF:0
BRH:0
end_of_record
TN:
SF:/Users/chao.xu/Desktop/transfer/Backbase/src/app/shared/shared.module.ts
FNF:0
FNH:0
DA:21,1
DA:23,1
DA:25,1
DA:42,1
DA:49,1
DA:53,1
DA:55,1
DA:57,1
DA:68,1
LF:9
LH:9
BRF:0
BRH:0
end_of_record
TN:
SF:/Users/chao.xu/Desktop/transfer/Backbase/src/app/shared/services/backbase.service.ts
FN:17,(anonymous_0)
FN:20,(anonymous_1)
FN:25,(anonymous_2)
FNF:3
FNH:3
FNDA:6,(anonymous_0)
FNDA:1,(anonymous_1)
FNDA:1,(anonymous_2)
DA:5,1
DA:6,1
DA:15,1
DA:17,6
DA:21,1
DA:26,1
LF:6
LH:6
BRF:0
BRH:0
end_of_record
